Build started 11/25/2016 10:41:58 PM.
     1>Project "C:\Users\tso\git\partydb\partydb-tests\partydb-tests.vcxproj" on node 2 (Build target(s)).
     1>ClCompile:
         C:\Program Files (x86)\Microsoft Visual Studio 12.0\VC\bin\CL.exe /c /IC:\Users\tso\git\partydb\partydb\ /IC:\Users\tso\git\partydb\partydb\partydb /I"C:\Program Files (x86)\Microsoft Visual Studio 12.0\VC\UnitTest\include" /ZI /nologo /W3 /WX- /Od /Oy- /D WIN32 /D _DEBUG /D _WINDLL /D _UNICODE /D UNICODE /Gm /EHsc /RTC1 /MDd /GS /fp:precise /Zc:wchar_t /Zc:forScope /Yc"stdafx.h" /Fp"Debug\partydb-tests.pch" /Fo"Debug\\" /Fd"Debug\vc120.pdb" /Gd /TP /analyze- /FC /errorReport:prompt stdafx.cpp
         stdafx.cpp
         C:\Program Files (x86)\Microsoft Visual Studio 12.0\VC\bin\CL.exe /c /IC:\Users\tso\git\partydb\partydb\ /IC:\Users\tso\git\partydb\partydb\partydb /I"C:\Program Files (x86)\Microsoft Visual Studio 12.0\VC\UnitTest\include" /ZI /nologo /W3 /WX- /Od /Oy- /D WIN32 /D _DEBUG /D _WINDLL /D _UNICODE /D UNICODE /Gm /EHsc /RTC1 /MDd /GS /fp:precise /Zc:wchar_t /Zc:forScope /Yu"stdafx.h" /Fp"Debug\partydb-tests.pch" /Fo"Debug\\" /Fd"Debug\vc120.pdb" /Gd /TP /analyze- /FC /errorReport:prompt unittest1.cpp
         unittest1.cpp
       Link:
         C:\Program Files (x86)\Microsoft Visual Studio 12.0\VC\bin\link.exe /ERRORREPORT:PROMPT /OUT:"C:\Users\tso\git\partydb\partydb\Debug\partydb-tests.dll" /INCREMENTAL /NOLOGO /LIBPATH:C:\Users\tso\git\partydb\partydb\Debug /LIBPATH:"C:\Program Files (x86)\Microsoft Visual Studio 12.0\VC\UnitTest\lib" TreeNode.obj kernel32.lib user32.lib gdi32.lib winspool.lib comdlg32.lib advapi32.lib shell32.lib ole32.lib oleaut32.lib uuid.lib odbc32.lib odbccp32.lib /MANIFEST /MANIFESTUAC:"level='asInvoker' uiAccess='false'" /manifest:embed /DEBUG /PDB:"C:\Users\tso\git\partydb\partydb\Debug\partydb-tests.pdb" /SUBSYSTEM:WINDOWS /TLBID:1 /DYNAMICBASE /NXCOMPAT /IMPLIB:"C:\Users\tso\git\partydb\partydb\Debug\partydb-tests.lib" /MACHINE:X86 /DLL Debug\stdafx.obj
         Debug\unittest1.obj
            Creating library C:\Users\tso\git\partydb\partydb\Debug\partydb-tests.lib and object C:\Users\tso\git\partydb\partydb\Debug\partydb-tests.exp
     1>unittest1.obj : error LNK2019: unresolved external symbol "public: __thiscall TreeNode<int>::TreeNode<int>(int const &,class TreeNode<int> const *,class TreeNode<int> const *)" (??0?$TreeNode@H@@QAE@ABHPBV0@1@Z) referenced in function "public: void __thiscall partydbtests::UnitTest1::TestMethod1(void)" (?TestMethod1@UnitTest1@partydbtests@@QAEXXZ)
     1>unittest1.obj : error LNK2019: unresolved external symbol "public: void __thiscall TreeNode<int>::setLeft(class TreeNode<int> const *)" (?setLeft@?$TreeNode@H@@QAEXPBV1@@Z) referenced in function "public: void __thiscall partydbtests::UnitTest1::TestMethod1(void)" (?TestMethod1@UnitTest1@partydbtests@@QAEXXZ)
     1>unittest1.obj : error LNK2019: unresolved external symbol "public: void __thiscall TreeNode<int>::setRight(class TreeNode<int> const *)" (?setRight@?$TreeNode@H@@QAEXPBV1@@Z) referenced in function "public: void __thiscall partydbtests::UnitTest1::TestMethod1(void)" (?TestMethod1@UnitTest1@partydbtests@@QAEXXZ)
     1>C:\Users\tso\git\partydb\partydb\Debug\partydb-tests.dll : fatal error LNK1120: 3 unresolved externals
     1>Done Building Project "C:\Users\tso\git\partydb\partydb-tests\partydb-tests.vcxproj" (Build target(s)) -- FAILED.

Build FAILED.

Time Elapsed 00:00:02.19
